[35m[1mScanning dependencies of target geometry_msgs_generate_messages_lisp[0m
[35m[1mScanning dependencies of target geometry_msgs_generate_messages_py[0m
[35m[1mScanning dependencies of target geometry_msgs_generate_messages_nodejs[0m
[35m[1mScanning dependencies of target _imu_3dm_gx4_generate_messages_check_deps_FilterOutput[0m
[  0%] Built target geometry_msgs_generate_messages_py
[  0%] Built target geometry_msgs_generate_messages_nodejs
[  0%] Built target geometry_msgs_generate_messages_lisp
[35m[1mScanning dependencies of target geometry_msgs_generate_messages_cpp[0m
[35m[1mScanning dependencies of target geometry_msgs_generate_messages_eus[0m
[35m[1mScanning dependencies of target rosgraph_msgs_generate_messages_eus[0m
[  0%] Built target geometry_msgs_generate_messages_cpp
[  0%] Built target rosgraph_msgs_generate_messages_eus
[  0%] Built target geometry_msgs_generate_messages_eus
[35m[1mScanning dependencies of target roscpp_generate_messages_py[0m
[35m[1mScanning dependencies of target rosgraph_msgs_generate_messages_lisp[0m
[35m[1mScanning dependencies of target std_msgs_generate_messages_py[0m
[  0%] Built target _imu_3dm_gx4_generate_messages_check_deps_FilterOutput
[  0%] Built target roscpp_generate_messages_py
[  0%] Built target rosgraph_msgs_generate_messages_lisp
[35m[1mScanning dependencies of target std_msgs_generate_messages_eus[0m
[  0%] Built target std_msgs_generate_messages_py
[35m[1mScanning dependencies of target roscpp_generate_messages_lisp[0m
[  0%] Built target std_msgs_generate_messages_eus
[35m[1mScanning dependencies of target roscpp_generate_messages_cpp[0m
[35m[1mScanning dependencies of target roscpp_generate_messages_nodejs[0m
[  0%] Built target roscpp_generate_messages_lisp
[  0%] Built target roscpp_generate_messages_cpp
[  0%] Built target roscpp_generate_messages_nodejs
[35m[1mScanning dependencies of target rosgraph_msgs_generate_messages_cpp[0m
[35m[1mScanning dependencies of target diagnostic_msgs_generate_messages_eus[0m
[35m[1mScanning dependencies of target std_msgs_generate_messages_lisp[0m
[  0%] Built target rosgraph_msgs_generate_messages_cpp
[35m[1mScanning dependencies of target diagnostic_msgs_generate_messages_cpp[0m
[  0%] Built target diagnostic_msgs_generate_messages_eus
[  0%] Built target std_msgs_generate_messages_lisp
[35m[1mScanning dependencies of target roscpp_generate_messages_eus[0m
[35m[1mScanning dependencies of target diagnostic_msgs_generate_messages_lisp[0m
[35m[1mScanning dependencies of target std_msgs_generate_messages_cpp[0m
[  0%] Built target diagnostic_msgs_generate_messages_cpp
[  0%] Built target roscpp_generate_messages_eus
[  0%] Built target std_msgs_generate_messages_cpp
[  0%] Built target diagnostic_msgs_generate_messages_lisp
[35m[1mScanning dependencies of target sensor_msgs_generate_messages_eus[0m
[35m[1mScanning dependencies of target diagnostic_msgs_generate_messages_nodejs[0m
[35m[1mScanning dependencies of target rosgraph_msgs_generate_messages_py[0m
[35m[1mScanning dependencies of target diagnostic_msgs_generate_messages_py[0m
[  0%] Built target diagnostic_msgs_generate_messages_nodejs
[  0%] Built target sensor_msgs_generate_messages_eus
[  0%] Built target rosgraph_msgs_generate_messages_py
[  0%] Built target diagnostic_msgs_generate_messages_py
[35m[1mScanning dependencies of target rosgraph_msgs_generate_messages_nodejs[0m
[35m[1mScanning dependencies of target std_msgs_generate_messages_nodejs[0m
[35m[1mScanning dependencies of target sensor_msgs_generate_messages_lisp[0m
[35m[1mScanning dependencies of target sensor_msgs_generate_messages_cpp[0m
[  0%] Built target rosgraph_msgs_generate_messages_nodejs
[  0%] Built target std_msgs_generate_messages_nodejs
[  0%] Built target sensor_msgs_generate_messages_lisp
[  0%] Built target sensor_msgs_generate_messages_cpp
[35m[1mScanning dependencies of target sensor_msgs_generate_messages_py[0m
[35m[1mScanning dependencies of target sensor_msgs_generate_messages_nodejs[0m
[35m[1mScanning dependencies of target imu_3dm_gx4_generate_messages_py[0m
[35m[1mScanning dependencies of target imu_3dm_gx4_generate_messages_nodejs[0m
[  0%] Built target sensor_msgs_generate_messages_py
[  0%] Built target sensor_msgs_generate_messages_nodejs
[ 10%] [34m[1mGenerating Python from MSG imu_3dm_gx4/FilterOutput[0m
[35m[1mScanning dependencies of target imu_3dm_gx4_generate_messages_lisp[0m
[ 20%] [34m[1mGenerating Javascript code from imu_3dm_gx4/FilterOutput.msg[0m
[35m[1mScanning dependencies of target imu_3dm_gx4_generate_messages_cpp[0m
[ 30%] [34m[1mGenerating Lisp code from imu_3dm_gx4/FilterOutput.msg[0m
[ 40%] [34m[1mGenerating C++ code from imu_3dm_gx4/FilterOutput.msg[0m
[ 50%] [34m[1mGenerating Python msg __init__.py for imu_3dm_gx4[0m
[ 50%] Built target imu_3dm_gx4_generate_messages_nodejs
[ 50%] Built target imu_3dm_gx4_generate_messages_lisp
[35m[1mScanning dependencies of target imu_3dm_gx4_generate_messages_eus[0m
[ 70%] [34m[1mGenerating EusLisp code from imu_3dm_gx4/FilterOutput.msg[0m
[ 70%] [34m[1mGenerating EusLisp manifest code for imu_3dm_gx4[0m
[ 70%] Built target imu_3dm_gx4_generate_messages_py
[ 70%] Built target imu_3dm_gx4_generate_messages_cpp
[ 70%] Built target imu_3dm_gx4_generate_messages_eus
[35m[1mScanning dependencies of target imu_3dm_gx4_generate_messages[0m
[35m[1mScanning dependencies of target imu_3dm_gx4[0m
[ 70%] Built target imu_3dm_gx4_generate_messages
[ 80%] [32mBuilding CXX object CMakeFiles/imu_3dm_gx4.dir/src/imu_3dm_gx4.cpp.o[0m
[ 90%] [32mBuilding CXX object CMakeFiles/imu_3dm_gx4.dir/src/imu.cpp.o[0m
[100%] [32m[1mLinking CXX executable /home/waternet/programmeren/nautonomous/WaternetNautonomousV2/devel/.private/imu_3dm_gx4/lib/imu_3dm_gx4/imu_3dm_gx4[0m
[100%] Built target imu_3dm_gx4
