[35m[1mScanning dependencies of target geometry_msgs_generate_messages_py[0m
[35m[1mScanning dependencies of target roscpp_generate_messages_nodejs[0m
[35m[1mScanning dependencies of target rosgraph_msgs_generate_messages_eus[0m
[35m[1mScanning dependencies of target _nautonomous_sensor_imu_generate_messages_check_deps_FilterOutput[0m
[  0%] Built target geometry_msgs_generate_messages_py
[  0%] Built target roscpp_generate_messages_nodejs
[  0%] Built target rosgraph_msgs_generate_messages_eus
[35m[1mScanning dependencies of target std_msgs_generate_messages_eus[0m
[35m[1mScanning dependencies of target rosgraph_msgs_generate_messages_lisp[0m
[35m[1mScanning dependencies of target roscpp_generate_messages_lisp[0m
[  0%] Built target std_msgs_generate_messages_eus
[  0%] Built target rosgraph_msgs_generate_messages_lisp
[  0%] Built target roscpp_generate_messages_lisp
[35m[1mScanning dependencies of target roscpp_generate_messages_cpp[0m
[35m[1mScanning dependencies of target std_msgs_generate_messages_py[0m
[  0%] Built target roscpp_generate_messages_cpp
[  0%] Built target _nautonomous_sensor_imu_generate_messages_check_deps_FilterOutput
[35m[1mScanning dependencies of target geometry_msgs_generate_messages_eus[0m
[35m[1mScanning dependencies of target rosgraph_msgs_generate_messages_cpp[0m
[  0%] Built target std_msgs_generate_messages_py
[35m[1mScanning dependencies of target diagnostic_msgs_generate_messages_eus[0m
[  0%] Built target geometry_msgs_generate_messages_eus
[  0%] Built target rosgraph_msgs_generate_messages_cpp
[35m[1mScanning dependencies of target std_msgs_generate_messages_lisp[0m
[  0%] Built target diagnostic_msgs_generate_messages_eus
[35m[1mScanning dependencies of target geometry_msgs_generate_messages_lisp[0m
[  0%] Built target std_msgs_generate_messages_lisp
[35m[1mScanning dependencies of target diagnostic_msgs_generate_messages_cpp[0m
[  0%] Built target geometry_msgs_generate_messages_lisp
[35m[1mScanning dependencies of target roscpp_generate_messages_eus[0m
[  0%] Built target diagnostic_msgs_generate_messages_cpp
[35m[1mScanning dependencies of target diagnostic_msgs_generate_messages_lisp[0m
[35m[1mScanning dependencies of target std_msgs_generate_messages_cpp[0m
[  0%] Built target roscpp_generate_messages_eus
[  0%] Built target diagnostic_msgs_generate_messages_lisp
[35m[1mScanning dependencies of target sensor_msgs_generate_messages_eus[0m
[  0%] Built target std_msgs_generate_messages_cpp
[35m[1mScanning dependencies of target diagnostic_msgs_generate_messages_nodejs[0m
[35m[1mScanning dependencies of target geometry_msgs_generate_messages_nodejs[0m
[35m[1mScanning dependencies of target rosgraph_msgs_generate_messages_py[0m
[  0%] Built target sensor_msgs_generate_messages_eus
[  0%] Built target diagnostic_msgs_generate_messages_nodejs
[  0%] Built target rosgraph_msgs_generate_messages_py
[  0%] Built target geometry_msgs_generate_messages_nodejs
[35m[1mScanning dependencies of target diagnostic_msgs_generate_messages_py[0m
[35m[1mScanning dependencies of target rosgraph_msgs_generate_messages_nodejs[0m
[35m[1mScanning dependencies of target sensor_msgs_generate_messages_nodejs[0m
[35m[1mScanning dependencies of target geometry_msgs_generate_messages_cpp[0m
[  0%] Built target diagnostic_msgs_generate_messages_py
[  0%] Built target rosgraph_msgs_generate_messages_nodejs
[  0%] Built target sensor_msgs_generate_messages_nodejs
[  0%] Built target geometry_msgs_generate_messages_cpp
[35m[1mScanning dependencies of target nautonomous_sensor_imu_generate_messages_nodejs[0m
[35m[1mScanning dependencies of target std_msgs_generate_messages_nodejs[0m
[35m[1mScanning dependencies of target sensor_msgs_generate_messages_cpp[0m
[35m[1mScanning dependencies of target sensor_msgs_generate_messages_lisp[0m
[ 10%] [34m[1mGenerating Javascript code from nautonomous_sensor_imu/FilterOutput.msg[0m
[ 10%] Built target std_msgs_generate_messages_nodejs
[ 10%] Built target sensor_msgs_generate_messages_lisp
[ 10%] Built target sensor_msgs_generate_messages_cpp
[35m[1mScanning dependencies of target nautonomous_sensor_imu_generate_messages_lisp[0m
[35m[1mScanning dependencies of target sensor_msgs_generate_messages_py[0m
[35m[1mScanning dependencies of target roscpp_generate_messages_py[0m
[ 20%] [34m[1mGenerating Lisp code from nautonomous_sensor_imu/FilterOutput.msg[0m
[ 20%] Built target sensor_msgs_generate_messages_py
[ 20%] Built target roscpp_generate_messages_py
[35m[1mScanning dependencies of target nautonomous_sensor_imu_generate_messages_cpp[0m
[35m[1mScanning dependencies of target nautonomous_sensor_imu_generate_messages_eus[0m
[ 30%] [34m[1mGenerating C++ code from nautonomous_sensor_imu/FilterOutput.msg[0m
[ 40%] [34m[1mGenerating EusLisp code from nautonomous_sensor_imu/FilterOutput.msg[0m
[ 40%] Built target nautonomous_sensor_imu_generate_messages_nodejs
[35m[1mScanning dependencies of target nautonomous_sensor_imu_generate_messages_py[0m
[ 50%] [34m[1mGenerating Python from MSG nautonomous_sensor_imu/FilterOutput[0m
[ 50%] Built target nautonomous_sensor_imu_generate_messages_lisp
[ 60%] [34m[1mGenerating EusLisp manifest code for nautonomous_sensor_imu[0m
[ 70%] [34m[1mGenerating Python msg __init__.py for nautonomous_sensor_imu[0m
[ 70%] Built target nautonomous_sensor_imu_generate_messages_py
[ 70%] Built target nautonomous_sensor_imu_generate_messages_cpp
[ 70%] Built target nautonomous_sensor_imu_generate_messages_eus
[35m[1mScanning dependencies of target nautonomous_sensor_imu_generate_messages[0m
[35m[1mScanning dependencies of target nautonomous_sensor_imu[0m
[ 70%] Built target nautonomous_sensor_imu_generate_messages
[ 80%] [32mBuilding CXX object CMakeFiles/nautonomous_sensor_imu.dir/src/imu.cpp.o[0m
[ 90%] [32mBuilding CXX object CMakeFiles/nautonomous_sensor_imu.dir/src/imu_3dm_gx4.cpp.o[0m
[01m[K/home/waternet/programmeren/nautonomous/WaternetNautonomousV2/src/nautonomous_sensor_imu_razor/src/imu_3dm_gx4.cpp:12:38:[m[K [01;31m[Kfatal error: [m[Kimu_3dm_gx4/FilterOutput.h: No such file or directory
compilation terminated.
CMakeFiles/nautonomous_sensor_imu.dir/build.make:62: recipe for target 'CMakeFiles/nautonomous_sensor_imu.dir/src/imu_3dm_gx4.cpp.o' failed
make[2]: *** [CMakeFiles/nautonomous_sensor_imu.dir/src/imu_3dm_gx4.cpp.o] Error 1
make[2]: *** Waiting for unfinished jobs....
CMakeFiles/Makefile2:101: recipe for target 'CMakeFiles/nautonomous_sensor_imu.dir/all' failed
make[1]: *** [CMakeFiles/nautonomous_sensor_imu.dir/all] Error 2
Makefile:138: recipe for target 'all' failed
make: *** [all] Error 2
