[  0%] Built target geometry_msgs_generate_messages_py
[  0%] Built target rosgraph_msgs_generate_messages_eus
[  0%] Built target roscpp_generate_messages_nodejs
[  0%] Built target rosgraph_msgs_generate_messages_lisp
[  0%] Built target roscpp_generate_messages_lisp
[  0%] Built target std_msgs_generate_messages_eus
[  0%] Built target geometry_msgs_generate_messages_eus
[  0%] Built target std_msgs_generate_messages_py
[  0%] Built target _nautonomous_sensor_imu_generate_messages_check_deps_FilterOutput
[  0%] Built target roscpp_generate_messages_cpp
[  0%] Built target diagnostic_msgs_generate_messages_eus
[  0%] Built target rosgraph_msgs_generate_messages_cpp
[  0%] Built target std_msgs_generate_messages_lisp
[  0%] Built target geometry_msgs_generate_messages_lisp
[  0%] Built target diagnostic_msgs_generate_messages_cpp
[  0%] Built target roscpp_generate_messages_eus
[  0%] Built target diagnostic_msgs_generate_messages_lisp
[  0%] Built target std_msgs_generate_messages_cpp
[  0%] Built target sensor_msgs_generate_messages_eus
[  0%] Built target diagnostic_msgs_generate_messages_nodejs
[  0%] Built target geometry_msgs_generate_messages_nodejs
[  0%] Built target rosgraph_msgs_generate_messages_py
[  0%] Built target diagnostic_msgs_generate_messages_py
[  0%] Built target rosgraph_msgs_generate_messages_nodejs
[  0%] Built target sensor_msgs_generate_messages_nodejs
[  0%] Built target geometry_msgs_generate_messages_cpp
[ 10%] Built target nautonomous_sensor_imu_generate_messages_nodejs
[ 10%] Built target std_msgs_generate_messages_nodejs
[ 10%] Built target sensor_msgs_generate_messages_cpp
[ 10%] Built target sensor_msgs_generate_messages_lisp
[ 20%] Built target nautonomous_sensor_imu_generate_messages_lisp
[ 20%] Built target sensor_msgs_generate_messages_py
[ 20%] Built target roscpp_generate_messages_py
[ 30%] Built target nautonomous_sensor_imu_generate_messages_cpp
[ 50%] Built target nautonomous_sensor_imu_generate_messages_py
[ 70%] Built target nautonomous_sensor_imu_generate_messages_eus
[35m[1mScanning dependencies of target nautonomous_sensor_imu[0m
[ 70%] Built target nautonomous_sensor_imu_generate_messages
[ 80%] [32mBuilding CXX object CMakeFiles/nautonomous_sensor_imu.dir/src/imu.cpp.o[0m
[ 90%] [32mBuilding CXX object CMakeFiles/nautonomous_sensor_imu.dir/src/imu_3dm_gx4.cpp.o[0m
[100%] [32m[1mLinking CXX executable /home/waternet/programmeren/nautonomous/WaternetNautonomousV2/devel/.private/nautonomous_sensor_imu/lib/nautonomous_sensor_imu/nautonomous_sensor_imu[0m
[100%] Built target nautonomous_sensor_imu
