Determining if the pthread_create exist failed with the following output:
Change Dir: /home/waternet/programmeren/nautonomous/WaternetNautonomousV2/build/catkin_tools_prebuild/CMakeFiles/CMakeTmp

Run Build Command:"/usr/bin/make" "cmTC_36bfc/fast"
/usr/bin/make -f CMakeFiles/cmTC_36bfc.dir/build.make CMakeFiles/cmTC_36bfc.dir/build
make[1]: Entering directory '/home/waternet/programmeren/nautonomous/WaternetNautonomousV2/build/catkin_tools_prebuild/CMakeFiles/CMakeTmp'
Building C object CMakeFiles/cmTC_36bfc.dir/CheckSymbolExists.c.o
/usr/bin/cc     -o CMakeFiles/cmTC_36bfc.dir/CheckSymbolExists.c.o   -c /home/waternet/programmeren/nautonomous/WaternetNautonomousV2/build/catkin_tools_prebuild/CMakeFiles/CMakeTmp/CheckSymbolExists.c
Linking C executable cmTC_36bfc
/usr/bin/cmake -E cmake_link_script CMakeFiles/cmTC_36bfc.dir/link.txt --verbose=1
/usr/bin/cc       CMakeFiles/cmTC_36bfc.dir/CheckSymbolExists.c.o  -o cmTC_36bfc -rdynamic 
CMakeFiles/cmTC_36bfc.dir/CheckSymbolExists.c.o: In function `main':
CheckSymbolExists.c:(.text+0x16): undefined reference to `pthread_create'
collect2: error: ld returned 1 exit status
CMakeFiles/cmTC_36bfc.dir/build.make:97: recipe for target 'cmTC_36bfc' failed
make[1]: *** [cmTC_36bfc] Error 1
make[1]: Leaving directory '/home/waternet/programmeren/nautonomous/WaternetNautonomousV2/build/catkin_tools_prebuild/CMakeFiles/CMakeTmp'
Makefile:126: recipe for target 'cmTC_36bfc/fast' failed
make: *** [cmTC_36bfc/fast] Error 2

File /home/waternet/programmeren/nautonomous/WaternetNautonomousV2/build/catkin_tools_prebuild/CMakeFiles/CMakeTmp/CheckSymbolExists.c:
/* */
#include <pthread.h>

int main(int argc, char** argv)
{
  (void)argv;
#ifndef pthread_create
  return ((int*)(&pthread_create))[argc];
#else
  (void)argc;
  return 0;
#endif
}

Determining if the function pthread_create exists in the pthreads failed with the following output:
Change Dir: /home/waternet/programmeren/nautonomous/WaternetNautonomousV2/build/catkin_tools_prebuild/CMakeFiles/CMakeTmp

Run Build Command:"/usr/bin/make" "cmTC_79c82/fast"
/usr/bin/make -f CMakeFiles/cmTC_79c82.dir/build.make CMakeFiles/cmTC_79c82.dir/build
make[1]: Entering directory '/home/waternet/programmeren/nautonomous/WaternetNautonomousV2/build/catkin_tools_prebuild/CMakeFiles/CMakeTmp'
Building C object CMakeFiles/cmTC_79c82.dir/CheckFunctionExists.c.o
/usr/bin/cc    -DCHECK_FUNCTION_EXISTS=pthread_create   -o CMakeFiles/cmTC_79c82.dir/CheckFunctionExists.c.o   -c /usr/share/cmake-3.5/Modules/CheckFunctionExists.c
Linking C executable cmTC_79c82
/usr/bin/cmake -E cmake_link_script CMakeFiles/cmTC_79c82.dir/link.txt --verbose=1
/usr/bin/cc   -DCHECK_FUNCTION_EXISTS=pthread_create    CMakeFiles/cmTC_79c82.dir/CheckFunctionExists.c.o  -o cmTC_79c82 -rdynamic -lpthreads 
/usr/bin/ld: cannot find -lpthreads
collect2: error: ld returned 1 exit status
CMakeFiles/cmTC_79c82.dir/build.make:97: recipe for target 'cmTC_79c82' failed
make[1]: *** [cmTC_79c82] Error 1
make[1]: Leaving directory '/home/waternet/programmeren/nautonomous/WaternetNautonomousV2/build/catkin_tools_prebuild/CMakeFiles/CMakeTmp'
Makefile:126: recipe for target 'cmTC_79c82/fast' failed
make: *** [cmTC_79c82/fast] Error 2


